# JRE version: OpenJDK Runtime Environment Temurin-17.0.7+7 (17.0.7+7) (build 17.0.7+7)
# Java VM: OpenJDK 64-Bit Server VM Temurin-17.0.7+7 (17.0.7+7, mixed mode, emulated-client, tiered, compressed oops, compressed class ptrs, g1 gc, windows-amd64)
GC Precious Log:
 CPUs: 4 total, 4 available
 Memory: 6091M
 Large Page Support: Disabled
 NUMA Support: Disabled
 Compressed Oops: Enabled (32-bit)
 Heap Region Size: 1M
 Heap Min Capacity: 8M
 Heap Initial Capacity: 96M
 Heap Max Capacity: 1524M
 Pre-touch: Disabled
 Parallel Workers: 4
 Concurrent Workers: 1
 Concurrent Refinement Workers: 4
 Periodic GC: Disabled
Heap:
 garbage-first heap   total 41984K, used 11700K [0x00000000a0c00000, 0x0000000100000000)
  region size 1024K, 3 young (3072K), 3 survivors (3072K)
 Metaspace       used 34283K, committed 34688K, reserved 1114112K
  class space    used 4137K, committed 4352K, reserved 1048576K
GC Heap History (20 events):
Event: 2.168 GC heap after
{Heap after GC invocations=2 (full 0):
 garbage-first heap   total 98304K, used 5233K [0x00000000a0c00000, 0x0000000100000000)
  region size 1024K, 2 young (2048K), 2 survivors (2048K)
 Metaspace       used 16708K, committed 16896K, reserved 1114112K
  class space    used 1704K, committed 1792K, reserved 1048576K
}
Event: 2.735 GC heap before
{Heap before GC invocations=2 (full 0):
 garbage-first heap   total 98304K, used 30833K [0x00000000a0c00000, 0x0000000100000000)
  region size 1024K, 27 young (27648K), 2 survivors (2048K)
 Metaspace       used 19344K, committed 19584K, reserved 1114112K
  class space    used 2075K, committed 2176K, reserved 1048576K
}
Event: 2.743 GC heap after
{Heap after GC invocations=3 (full 0):
 garbage-first heap   total 98304K, used 5829K [0x00000000a0c00000, 0x0000000100000000)
  region size 1024K, 2 young (2048K), 2 survivors (2048K)
 Metaspace       used 19344K, committed 19584K, reserved 1114112K
  class space    used 2075K, committed 2176K, reserved 1048576K
}
Event: 3.270 GC heap before
{Heap before GC invocations=3 (full 0):
 garbage-first heap   total 98304K, used 28357K [0x00000000a0c00000, 0x0000000100000000)
  region size 1024K, 25 young (25600K), 2 survivors (2048K)
 Metaspace       used 21287K, committed 21504K, reserved 1114112K
  class space    used 2425K, committed 2560K, reserved 1048576K
}
Event: 3.276 GC heap after
{Heap after GC invocations=4 (full 0):
 garbage-first heap   total 98304K, used 7231K [0x00000000a0c00000, 0x0000000100000000)
  region size 1024K, 4 young (4096K), 4 survivors (4096K)
 Metaspace       used 21287K, committed 21504K, reserved 1114112K
  class space    used 2425K, committed 2560K, reserved 1048576K
}
Event: 3.484 GC heap before
{Heap before GC invocations=5 (full 0):
 garbage-first heap   total 34816K, used 26687K [0x00000000a0c00000, 0x0000000100000000)
  region size 1024K, 25 young (25600K), 4 survivors (4096K)
 Metaspace       used 23077K, committed 23424K, reserved 1114112K
  class space    used 2597K, committed 2752K, reserved 1048576K
}
Event: 3.489 GC heap after
{Heap after GC invocations=6 (full 0):
 garbage-first heap   total 34816K, used 7110K [0x00000000a0c00000, 0x0000000100000000)
  region size 1024K, 4 young (4096K), 4 survivors (4096K)
 Metaspace       used 23077K, committed 23424K, reserved 1114112K
  class space    used 2597K, committed 2752K, reserved 1048576K
}
Event: 3.497 GC heap before
{Heap before GC invocations=6 (full 0):
 garbage-first heap   total 34816K, used 7110K [0x00000000a0c00000, 0x0000000100000000)
  region size 1024K, 5 young (5120K), 4 survivors (4096K)
 Metaspace       used 23168K, committed 23488K, reserved 1114112K
  class space    used 2609K, committed 2752K, reserved 1048576K
}
Event: 3.503 GC heap after
{Heap after GC invocations=7 (full 0):
 garbage-first heap   total 41984K, used 6964K [0x00000000a0c00000, 0x0000000100000000)
  region size 1024K, 1 young (1024K), 1 survivors (1024K)
 Metaspace       used 23168K, committed 23488K, reserved 1114112K
  class space    used 2609K, committed 2752K, reserved 1048576K
}
Event: 3.871 GC heap before
{Heap before GC invocations=7 (full 0):
 garbage-first heap   total 41984K, used 28468K [0x00000000a0c00000, 0x0000000100000000)
  region size 1024K, 23 young (23552K), 1 survivors (1024K)
 Metaspace       used 25489K, committed 25792K, reserved 1114112K
  class space    used 2902K, committed 3072K, reserved 1048576K
}
Event: 3.874 GC heap after
{Heap after GC invocations=8 (full 0):
 garbage-first heap   total 41984K, used 7696K [0x00000000a0c00000, 0x0000000100000000)
  region size 1024K, 2 young (2048K), 2 survivors (2048K)
 Metaspace       used 25489K, committed 25792K, reserved 1114112K
  class space    used 2902K, committed 3072K, reserved 1048576K
}
Event: 4.052 GC heap before
{Heap before GC invocations=8 (full 0):
 garbage-first heap   total 41984K, used 28176K [0x00000000a0c00000, 0x0000000100000000)
  region size 1024K, 23 young (23552K), 2 survivors (2048K)
 Metaspace       used 27255K, committed 27520K, reserved 1114112K
  class space    used 3133K, committed 3264K, reserved 1048576K
}
Event: 4.056 GC heap after
{Heap after GC invocations=9 (full 0):
 garbage-first heap   total 41984K, used 7904K [0x00000000a0c00000, 0x0000000100000000)
  region size 1024K, 2 young (2048K), 2 survivors (2048K)
 Metaspace       used 27255K, committed 27520K, reserved 1114112K
  class space    used 3133K, committed 3264K, reserved 1048576K
}
Event: 4.773 GC heap before
{Heap before GC invocations=9 (full 0):
 garbage-first heap   total 41984K, used 30432K [0x00000000a0c00000, 0x0000000100000000)
  region size 1024K, 24 young (24576K), 2 survivors (2048K)
 Metaspace       used 28547K, committed 28800K, reserved 1114112K
  class space    used 3339K, committed 3456K, reserved 1048576K
}
Event: 4.779 GC heap after
{Heap after GC invocations=10 (full 0):
 garbage-first heap   total 41984K, used 9236K [0x00000000a0c00000, 0x0000000100000000)
  region size 1024K, 3 young (3072K), 3 survivors (3072K)
 Metaspace       used 28547K, committed 28800K, reserved 1114112K
  class space    used 3339K, committed 3456K, reserved 1048576K
}
Event: 5.479 GC heap before
{Heap before GC invocations=10 (full 0):
 garbage-first heap   total 41984K, used 30740K [0x00000000a0c00000, 0x0000000100000000)
  region size 1024K, 24 young (24576K), 3 survivors (3072K)
 Metaspace       used 29917K, committed 30144K, reserved 1114112K
  class space    used 3537K, committed 3648K, reserved 1048576K
}
Event: 5.488 GC heap after
{Heap after GC invocations=11 (full 0):
 garbage-first heap   total 41984K, used 9461K [0x00000000a0c00000, 0x0000000100000000)
  region size 1024K, 2 young (2048K), 2 survivors (2048K)
 Metaspace       used 29917K, committed 30144K, reserved 1114112K
  class space    used 3537K, committed 3648K, reserved 1048576K
}
Event: 6.495 GC heap before
{Heap before GC invocations=11 (full 0):
 garbage-first heap   total 41984K, used 31989K [0x00000000a0c00000, 0x0000000100000000)
  region size 1024K, 24 young (24576K), 2 survivors (2048K)
 Metaspace       used 32215K, committed 32640K, reserved 1114112K
  class space    used 3862K, committed 4096K, reserved 1048576K
}
Event: 6.506 GC heap after
{Heap after GC invocations=12 (full 0):
 garbage-first heap   total 41984K, used 10698K [0x00000000a0c00000, 0x0000000100000000)
  region size 1024K, 2 young (2048K), 2 survivors (2048K)
 Metaspace       used 32215K, committed 32640K, reserved 1114112K
  class space    used 3862K, committed 4096K, reserved 1048576K
}
Event: 7.527 GC heap before
{Heap before GC invocations=12 (full 0):
 garbage-first heap   total 41984K, used 32202K [0x00000000a0c00000, 0x0000000100000000)
  region size 1024K, 23 young (23552K), 2 survivors (2048K)
 Metaspace       used 34283K, committed 34688K, reserved 1114112K
  class space    used 4137K, committed 4352K, reserved 1048576K
}

